# JRE version: OpenJDK Runtime Environment (24.0.1+9) (build 24.0.1+9-30)
# Java VM: OpenJDK 64-Bit Server VM (24.0.1+9-30, mixed mode, emulated-client, sharing, tiered, compressed oops, compressed class ptrs, g1 gc, windows-amd64)
GC Precious Log:
 CardTable entry size: 512
 Card Set container configuration: InlinePtr #cards 4 size 8 Array Of Cards #cards 16 size 48 Howl #buckets 8 coarsen threshold 3686 Howl Bitmap #cards 512 size 80 coarsen threshold 460 Card regions per heap region 1 cards per card region 4096
 CPUs: 8 total, 8 available
 Memory: 11955M
 Large Page Support: Disabled
 NUMA Support: Disabled
 Compressed Oops: Enabled (Zero based)
 Heap Region Size: 2M
 Heap Min Capacity: 8M
 Heap Initial Capacity: 188M
 Heap Max Capacity: 2990M
 Pre-touch: Disabled
 Parallel Workers: 8
 Concurrent Workers: 2
 Concurrent Refinement Workers: 8
 Periodic GC: Disabled
Heap:
 garbage-first heap   total reserved 3061760K, committed 71680K, used 20867K [0x0000000745200000, 0x0000000800000000)
  region size 2048K, 4 young (8192K), 2 survivors (4096K)
 Metaspace       used 30292K, committed 30720K, reserved 1114112K
  class space    used 3504K, committed 3712K, reserved 1048576K
GC Heap History (8 events):
Event: 1.697 GC heap before
{Heap before GC invocations=0 (full 0):
 garbage-first heap   total reserved 3061760K, committed 194560K, used 50288K [0x0000000745200000, 0x0000000800000000)
  region size 2048K, 24 young (49152K), 0 survivors (0K)
 Metaspace       used 10968K, committed 11200K, reserved 1114112K
  class space    used 1252K, committed 1344K, reserved 1048576K
}
Event: 1.706 GC heap after
{Heap after GC invocations=1 (full 0):
 garbage-first heap   total reserved 3061760K, committed 194560K, used 8249K [0x0000000745200000, 0x0000000800000000)
  region size 2048K, 3 young (6144K), 3 survivors (6144K)
 Metaspace       used 10968K, committed 11200K, reserved 1114112K
  class space    used 1252K, committed 1344K, reserved 1048576K
}
Event: 2.217 GC heap before
{Heap before GC invocations=1 (full 0):
 garbage-first heap   total reserved 3061760K, committed 194560K, used 47161K [0x0000000745200000, 0x0000000800000000)
  region size 2048K, 24 young (49152K), 3 survivors (6144K)
 Metaspace       used 21216K, committed 21504K, reserved 1114112K
  class space    used 2319K, committed 2496K, reserved 1048576K
}
Event: 2.225 GC heap after
{Heap after GC invocations=2 (full 0):
 garbage-first heap   total reserved 3061760K, committed 194560K, used 12566K [0x0000000745200000, 0x0000000800000000)
  region size 2048K, 6 young (12288K), 6 survivors (12288K)
 Metaspace       used 21216K, committed 21504K, reserved 1114112K
  class space    used 2319K, committed 2496K, reserved 1048576K
}
Event: 2.937 GC heap before
{Heap before GC invocations=3 (full 0):
 garbage-first heap   total reserved 3061760K, committed 55296K, used 51478K [0x0000000745200000, 0x0000000800000000)
  region size 2048K, 25 young (51200K), 6 survivors (12288K)
 Metaspace       used 27265K, committed 27648K, reserved 1114112K
  class space    used 3085K, committed 3264K, reserved 1048576K
}
Event: 2.950 GC heap after
{Heap after GC invocations=4 (full 0):
 garbage-first heap   total reserved 3061760K, committed 71680K, used 14975K [0x0000000745200000, 0x0000000800000000)
  region size 2048K, 4 young (8192K), 4 survivors (8192K)
 Metaspace       used 27265K, committed 27648K, reserved 1114112K
  class space    used 3085K, committed 3264K, reserved 1048576K
}
Event: 89.480 GC heap before
{Heap before GC invocations=4 (full 0):
 garbage-first heap   total reserved 3061760K, committed 71680K, used 45695K [0x0000000745200000, 0x0000000800000000)
  region size 2048K, 19 young (38912K), 4 survivors (8192K)
 Metaspace       used 30248K, committed 30720K, reserved 1114112K
  class space    used 3498K, committed 3712K, reserved 1048576K
}
Event: 89.490 GC heap after
{Heap after GC invocations=5 (full 0):
 garbage-first heap   total reserved 3061760K, committed 71680K, used 18819K [0x0000000745200000, 0x0000000800000000)
  region size 2048K, 2 young (4096K), 2 survivors (4096K)
 Metaspace       used 30248K, committed 30720K, reserved 1114112K
  class space    used 3498K, committed 3712K, reserved 1048576K
}

